[19:03:33.838][info] [#0:/home/gabriel-delabenetta/.local/share/nvim/mason/packages/lua-language-server/libexec/main.lua:68]: Lua Lsp startup, root: 	/home/gabriel-delabenetta/.local/share/nvim/mason/packages/lua-language-server/libexec
[19:03:33.839][info] [#0:/home/gabriel-delabenetta/.local/share/nvim/mason/packages/lua-language-server/libexec/main.lua:69]: ROOT:	/home/gabriel-delabenetta/.local/share/nvim/mason/packages/lua-language-server/libexec
[19:03:33.839][info] [#0:/home/gabriel-delabenetta/.local/share/nvim/mason/packages/lua-language-server/libexec/main.lua:70]: LOGPATH:	/home/gabriel-delabenetta/.local/share/nvim/mason/packages/lua-language-server/libexec/log
[19:03:33.839][info] [#0:/home/gabriel-delabenetta/.local/share/nvim/mason/packages/lua-language-server/libexec/main.lua:71]: METAPATH:	/home/gabriel-delabenetta/.local/share/nvim/mason/packages/lua-language-server/libexec/meta
[19:03:33.839][info] [#0:/home/gabriel-delabenetta/.local/share/nvim/mason/packages/lua-language-server/libexec/main.lua:72]: VERSION:	3.13.9
[19:03:33.894][info] [#0:script/proto/proto.lua:260]: Listen Mode: stdio
[19:03:33.894][info] [#0:script/service/service.lua:145]: 
========= Medical Examination Report =========
    --------------- Memory ---------------
        Total: 2.259 MB
        # 00 : 2.259 MB
        # 01 : 0.000 MB
        # 02 : 0.000 MB
        # 03 : 0.000 MB
        # 04 : 0.000 MB
    --------------- Coroutine ---------------
        Total:     0
        Running:   0
        Suspended: 0
        Normal:    0
        Dead:      0
    --------------- Cache ---------------
        Total: 1
        Dead:  0
    ---------------  RPC  ---------------
        Holdon:   0
        Waiting:  0
==============================================
[19:03:34.003][info] [#0:script/client.lua:657]: Client init	{
  capabilities = {
    textDocument = {
      callHierarchy = {
        dynamicRegistration = false
      },
      codeAction = {
        codeActionLiteralSupport = {
          codeActionKind = {
            valueSet = { "", "quickfix", "refactor", "refactor.extract", "refactor.inline", "refactor.rewrite", "source", "source.organizeImports" }
          }
        },
        dataSupport = true,
        dynamicRegistration = false,
        isPreferredSupport = true,
        resolveSupport = {
          properties = { "edit" }
        }
      },
      completion = {
        completionItem = {
          commitCharactersSupport = false,
          deprecatedSupport = false,
          documentationFormat = { "markdown", "plaintext" },
          preselectSupport = false,
          snippetSupport = false
        },
        completionItemKind = {
          valueSet = { 1, 2, 3, 4, 5, 6, 7, 8, 9, 10, 11, 12, 13, 14, 15, 16, 17, 18, 19, 20, 21, 22, 23, 24, 25 }
        },
        contextSupport = false,
        dynamicRegistration = false
      },
      declaration = {
        linkSupport = true
      },
      definition = {
        linkSupport = true
      },
      documentHighlight = {
        dynamicRegistration = false
      },
      documentSymbol = {
        dynamicRegistration = false,
        hierarchicalDocumentSymbolSupport = true,
        symbolKind = {
          valueSet = { 1, 2, 3, 4, 5, 6, 7, 8, 9, 10, 11, 12, 13, 14, 15, 16, 17, 18, 19, 20, 21, 22, 23, 24, 25, 26 }
        }
      },
      hover = {
        contentFormat = { "markdown", "plaintext" },
        dynamicRegistration = false
      },
      implementation = {
        linkSupport = true
      },
      publishDiagnostics = {
        relatedInformation = true,
        tagSupport = {
          valueSet = { 1, 2 }
        }
      },
      references = {
        dynamicRegistration = false
      },
      rename = {
        dynamicRegistration = false,
        prepareSupport = true
      },
      semanticTokens = {
        augmentsSyntaxTokens = true,
        dynamicRegistration = false,
        formats = { "relative" },
        multilineTokenSupport = false,
        overlappingTokenSupport = true,
        requests = {
          full = {
            delta = true
          },
          range = false
        },
        serverCancelSupport = false,
        tokenModifiers = { "declaration", "definition", "readonly", "static", "deprecated", "abstract", "async", "modification", "documentation", "defaultLibrary" },
        tokenTypes = { "namespace", "type", "class", "enum", "interface", "struct", "typeParameter", "parameter", "variable", "property", "enumMember", "event", "function", "method", "macro", "keyword", "modifier", "comment", "string", "number", "regexp", "operator", "decorator" }
      },
      signatureHelp = {
        dynamicRegistration = false,
        signatureInformation = {
          activeParameterSupport = true,
          documentationFormat = { "markdown", "plaintext" },
          parameterInformation = {
            labelOffsetSupport = true
          }
        }
      },
      synchronization = {
        didSave = true,
        dynamicRegistration = false,
        willSave = true,
        willSaveWaitUntil = true
      },
      typeDefinition = {
        linkSupport = true
      }
    },
    window = {
      showDocument = {
        support = true
      },
      showMessage = {
        messageActionItem = {
          additionalPropertiesSupport = false
        }
      },
      workDoneProgress = true
    },
    workspace = {
      applyEdit = true,
      configuration = true,
      didChangeWatchedFiles = {
        dynamicRegistration = false,
        relativePatternSupport = true
      },
      semanticTokens = {
        refreshSupport = true
      },
      symbol = {
        dynamicRegistration = false,
        hierarchicalWorkspaceSymbolSupport = true,
        symbolKind = {
          valueSet = { 1, 2, 3, 4, 5, 6, 7, 8, 9, 10, 11, 12, 13, 14, 15, 16, 17, 18, 19, 20, 21, 22, 23, 24, 25, 26 }
        }
      },
      workspaceEdit = {
        resourceOperations = { "rename", "create", "delete" }
      },
      workspaceFolders = true
    }
  },
  clientInfo = {
    name = "Neovim",
    version = "0.9.5"
  },
  initializationOptions = {},
  processId = 11920,
  rootPath = "/home/gabriel-delabenetta/.config/nvim",
  rootUri = "file:///home/gabriel-delabenetta/.config/nvim",
  trace = "off",
  workspaceFolders = { {
      name = "/home/gabriel-delabenetta/.config/nvim",
      uri = "file:///home/gabriel-delabenetta/.config/nvim"
    } }
}
[19:03:34.004][info] [#0:script/language.lua:137]: VSC language: nil
[19:03:34.004][info] [#0:script/language.lua:138]: LS  language: en-us
[19:03:34.004][info] [#0:script/workspace/workspace.lua:38]: Workspace init root: 	file:///home/gabriel-delabenetta/.config/nvim
[19:03:34.004][info] [#0:script/workspace/workspace.lua:42]: Log path: 	/home/gabriel-delabenetta/.local/share/nvim/mason/packages/lua-language-server/libexec/log/file_home_gabriel-delabenetta_.config_nvim.log
[19:03:34.004][info] [#0:script/workspace/workspace.lua:48]: Workspace create: 	file:///home/gabriel-delabenetta/.config/nvim
[19:03:34.310][warn] [#0:script/config/loader.lua:116]: No config?	{}
[19:03:34.310][info] [#0:script/provider/provider.lua:56]: Load config from .luarc.json/.luarc.jsonc	file:///home/gabriel-delabenetta/.config/nvim
[19:03:34.310][info] [#0:script/provider/provider.lua:57]: {
  ["diagnostics.globals"] = { "vim" }
}
[19:03:34.411][warn] [#0:script/config/loader.lua:116]: No config?	{}
[19:03:34.411][info] [#0:script/provider/provider.lua:65]: Load config from client	fallback
[19:03:34.411][info] [#0:script/provider/provider.lua:66]: nil
[19:03:34.539][info] [#0:script/library.lua:212]: Init builtin library at:	file:///home/gabriel-delabenetta/.config/nvim
[19:03:34.561][info] [#0:script/library.lua:212]: Init builtin library at:	nil
[19:03:34.677][info] [#0:script/workspace/workspace.lua:324]: Preload start:	file:///home/gabriel-delabenetta/.config/nvim
[19:03:34.682][info] [#0:script/workspace/workspace.lua:330]: Scan files at:	file:///home/gabriel-delabenetta/.config/nvim
[19:03:34.684][info] [#0:script/workspace/workspace.lua:324]: Preload start:	<fallback>
[19:03:34.693][info] [#0:script/workspace/workspace.lua:353]: Scan library at:	file:///home/gabriel-delabenetta/.local/share/nvim/mason/packages/lua-language-server/libexec/meta/Lua%205.4%20en-us%20utf8/os.lua
[19:03:34.694][info] [#0:script/workspace/workspace.lua:353]: Scan library at:	file:///home/gabriel-delabenetta/.local/share/nvim/mason/packages/lua-language-server/libexec/meta/Lua%205.4%20en-us%20utf8/builtin.lua
[19:03:34.694][info] [#0:script/workspace/workspace.lua:353]: Scan library at:	file:///home/gabriel-delabenetta/.local/share/nvim/mason/packages/lua-language-server/libexec/meta/Lua%205.4%20en-us%20utf8/string.lua
[19:03:34.695][info] [#0:script/workspace/workspace.lua:353]: Scan library at:	file:///home/gabriel-delabenetta/.local/share/nvim/mason/packages/lua-language-server/libexec/meta/Lua%205.4%20en-us%20utf8/table.lua
[19:03:34.695][info] [#0:script/workspace/workspace.lua:353]: Scan library at:	file:///home/gabriel-delabenetta/.local/share/nvim/mason/packages/lua-language-server/libexec/meta/Lua%205.4%20en-us%20utf8/math.lua
[19:03:34.696][info] [#0:script/workspace/workspace.lua:353]: Scan library at:	file:///home/gabriel-delabenetta/.local/share/nvim/mason/packages/lua-language-server/libexec/meta/Lua%205.4%20en-us%20utf8/package.lua
[19:03:34.696][info] [#0:script/workspace/workspace.lua:353]: Scan library at:	file:///home/gabriel-delabenetta/.local/share/nvim/mason/packages/lua-language-server/libexec/meta/Lua%205.4%20en-us%20utf8/utf8.lua
[19:03:34.697][info] [#0:script/workspace/workspace.lua:353]: Scan library at:	file:///home/gabriel-delabenetta/.local/share/nvim/mason/packages/lua-language-server/libexec/meta/Lua%205.4%20en-us%20utf8/basic.lua
[19:03:34.697][info] [#0:script/workspace/workspace.lua:353]: Scan library at:	file:///home/gabriel-delabenetta/.local/share/nvim/mason/packages/lua-language-server/libexec/meta/Lua%205.4%20en-us%20utf8/coroutine.lua
[19:03:34.698][info] [#0:script/workspace/workspace.lua:353]: Scan library at:	file:///home/gabriel-delabenetta/.local/share/nvim/mason/packages/lua-language-server/libexec/meta/Lua%205.4%20en-us%20utf8/debug.lua
[19:03:34.698][info] [#0:script/workspace/workspace.lua:353]: Scan library at:	file:///home/gabriel-delabenetta/.local/share/nvim/mason/packages/lua-language-server/libexec/meta/Lua%205.4%20en-us%20utf8/io.lua
[19:03:34.699][info] [#0:script/workspace/workspace.lua:353]: Scan library at:	file:///home/gabriel-delabenetta/.local/share/nvim/mason/packages/lua-language-server/libexec/meta/Lua%205.4%20en-us%20utf8/os.lua
[19:03:34.699][info] [#0:script/workspace/workspace.lua:353]: Scan library at:	file:///home/gabriel-delabenetta/.local/share/nvim/mason/packages/lua-language-server/libexec/meta/Lua%205.4%20en-us%20utf8/builtin.lua
[19:03:34.699][info] [#0:script/workspace/workspace.lua:353]: Scan library at:	file:///home/gabriel-delabenetta/.local/share/nvim/mason/packages/lua-language-server/libexec/meta/Lua%205.4%20en-us%20utf8/string.lua
[19:03:34.699][info] [#0:script/workspace/workspace.lua:353]: Scan library at:	file:///home/gabriel-delabenetta/.local/share/nvim/mason/packages/lua-language-server/libexec/meta/Lua%205.4%20en-us%20utf8/table.lua
[19:03:34.700][info] [#0:script/workspace/workspace.lua:353]: Scan library at:	file:///home/gabriel-delabenetta/.local/share/nvim/mason/packages/lua-language-server/libexec/meta/Lua%205.4%20en-us%20utf8/math.lua
[19:03:34.700][info] [#0:script/workspace/workspace.lua:353]: Scan library at:	file:///home/gabriel-delabenetta/.local/share/nvim/mason/packages/lua-language-server/libexec/meta/Lua%205.4%20en-us%20utf8/package.lua
[19:03:34.700][info] [#0:script/workspace/workspace.lua:353]: Scan library at:	file:///home/gabriel-delabenetta/.local/share/nvim/mason/packages/lua-language-server/libexec/meta/Lua%205.4%20en-us%20utf8/utf8.lua
[19:03:34.700][info] [#0:script/workspace/workspace.lua:353]: Scan library at:	file:///home/gabriel-delabenetta/.local/share/nvim/mason/packages/lua-language-server/libexec/meta/Lua%205.4%20en-us%20utf8/basic.lua
[19:03:34.701][info] [#0:script/workspace/workspace.lua:353]: Scan library at:	file:///home/gabriel-delabenetta/.local/share/nvim/mason/packages/lua-language-server/libexec/meta/Lua%205.4%20en-us%20utf8/coroutine.lua
[19:03:34.701][info] [#0:script/workspace/workspace.lua:353]: Scan library at:	file:///home/gabriel-delabenetta/.local/share/nvim/mason/packages/lua-language-server/libexec/meta/Lua%205.4%20en-us%20utf8/debug.lua
[19:03:34.701][info] [#0:script/workspace/workspace.lua:353]: Scan library at:	file:///home/gabriel-delabenetta/.local/share/nvim/mason/packages/lua-language-server/libexec/meta/Lua%205.4%20en-us%20utf8/io.lua
[19:03:34.802][info] [#0:script/workspace/workspace.lua:379]: Found 11 files at:	<fallback>
[19:03:34.802][info] [#0:script/workspace/loading.lua:160]: Load files from disk:	<fallback>
[19:03:34.802][info] [#0:script/workspace/workspace.lua:379]: Found 20 files at:	file:///home/gabriel-delabenetta/.config/nvim
[19:03:34.802][info] [#0:script/workspace/loading.lua:160]: Load files from disk:	file:///home/gabriel-delabenetta/.config/nvim
[19:03:34.805][info] [#0:script/workspace/loading.lua:100]: Preload file at: file:///home/gabriel-delabenetta/.local/share/nvim/mason/packages/lua-language-server/libexec/meta/Lua%205.4%20en-us%20utf8/io.lua , size = 6.364 KB
[19:03:34.819][info] [#0:script/workspace/loading.lua:112]: ++++As library of:	file:///home/gabriel-delabenetta/.local/share/nvim/mason/packages/lua-language-server/libexec/meta/Lua%205.4%20en-us%20utf8/io.lua
[19:03:34.819][info] [#0:script/workspace/loading.lua:100]: Preload file at: file:///home/gabriel-delabenetta/.local/share/nvim/mason/packages/lua-language-server/libexec/meta/Lua%205.4%20en-us%20utf8/debug.lua , size = 7.637 KB
[19:03:34.835][info] [#0:script/workspace/loading.lua:112]: ++++As library of:	file:///home/gabriel-delabenetta/.local/share/nvim/mason/packages/lua-language-server/libexec/meta/Lua%205.4%20en-us%20utf8/debug.lua
[19:03:34.835][info] [#0:script/workspace/loading.lua:97]: Skip loaded file: file:///home/gabriel-delabenetta/.local/share/nvim/mason/packages/lua-language-server/libexec/meta/Lua%205.4%20en-us%20utf8/debug.lua
[19:03:34.835][info] [#0:script/workspace/loading.lua:100]: Preload file at: file:///home/gabriel-delabenetta/.local/share/nvim/mason/packages/lua-language-server/libexec/meta/Lua%205.4%20en-us%20utf8/coroutine.lua , size = 2.590 KB
[19:03:34.839][info] [#0:script/workspace/loading.lua:112]: ++++As library of:	file:///home/gabriel-delabenetta/.local/share/nvim/mason/packages/lua-language-server/libexec/meta/Lua%205.4%20en-us%20utf8/coroutine.lua
[19:03:34.839][info] [#0:script/workspace/loading.lua:97]: Skip loaded file: file:///home/gabriel-delabenetta/.local/share/nvim/mason/packages/lua-language-server/libexec/meta/Lua%205.4%20en-us%20utf8/coroutine.lua
[19:03:34.839][info] [#0:script/workspace/loading.lua:100]: Preload file at: file:///home/gabriel-delabenetta/.local/share/nvim/mason/packages/lua-language-server/libexec/meta/Lua%205.4%20en-us%20utf8/basic.lua , size = 15.841 KB
[19:03:34.859][info] [#0:script/workspace/loading.lua:112]: ++++As library of:	file:///home/gabriel-delabenetta/.local/share/nvim/mason/packages/lua-language-server/libexec/meta/Lua%205.4%20en-us%20utf8/basic.lua
[19:03:34.859][info] [#0:script/workspace/loading.lua:97]: Skip loaded file: file:///home/gabriel-delabenetta/.local/share/nvim/mason/packages/lua-language-server/libexec/meta/Lua%205.4%20en-us%20utf8/basic.lua
[19:03:34.859][info] [#0:script/workspace/loading.lua:100]: Preload file at: file:///home/gabriel-delabenetta/.local/share/nvim/mason/packages/lua-language-server/libexec/meta/Lua%205.4%20en-us%20utf8/utf8.lua , size = 2.386 KB
[19:03:34.863][info] [#0:script/workspace/loading.lua:112]: ++++As library of:	file:///home/gabriel-delabenetta/.local/share/nvim/mason/packages/lua-language-server/libexec/meta/Lua%205.4%20en-us%20utf8/utf8.lua
[19:03:34.863][info] [#0:script/workspace/loading.lua:97]: Skip loaded file: file:///home/gabriel-delabenetta/.local/share/nvim/mason/packages/lua-language-server/libexec/meta/Lua%205.4%20en-us%20utf8/utf8.lua
[19:03:34.863][info] [#0:script/workspace/loading.lua:100]: Preload file at: file:///home/gabriel-delabenetta/.local/share/nvim/mason/packages/lua-language-server/libexec/meta/Lua%205.4%20en-us%20utf8/package.lua , size = 2.944 KB
[19:03:34.866][info] [#0:script/workspace/loading.lua:112]: ++++As library of:	file:///home/gabriel-delabenetta/.local/share/nvim/mason/packages/lua-language-server/libexec/meta/Lua%205.4%20en-us%20utf8/package.lua
[19:03:34.866][info] [#0:script/workspace/loading.lua:97]: Skip loaded file: file:///home/gabriel-delabenetta/.local/share/nvim/mason/packages/lua-language-server/libexec/meta/Lua%205.4%20en-us%20utf8/package.lua
[19:03:34.866][info] [#0:script/workspace/loading.lua:100]: Preload file at: file:///home/gabriel-delabenetta/.local/share/nvim/mason/packages/lua-language-server/libexec/meta/Lua%205.4%20en-us%20utf8/math.lua , size = 8.542 KB
[19:03:34.875][info] [#0:script/workspace/loading.lua:112]: ++++As library of:	file:///home/gabriel-delabenetta/.local/share/nvim/mason/packages/lua-language-server/libexec/meta/Lua%205.4%20en-us%20utf8/math.lua
[19:03:34.875][info] [#0:script/workspace/loading.lua:97]: Skip loaded file: file:///home/gabriel-delabenetta/.local/share/nvim/mason/packages/lua-language-server/libexec/meta/Lua%205.4%20en-us%20utf8/math.lua
[19:03:34.875][info] [#0:script/workspace/loading.lua:100]: Preload file at: file:///home/gabriel-delabenetta/.local/share/nvim/mason/packages/lua-language-server/libexec/meta/Lua%205.4%20en-us%20utf8/table.lua , size = 4.445 KB
[19:03:34.881][info] [#0:script/workspace/loading.lua:112]: ++++As library of:	file:///home/gabriel-delabenetta/.local/share/nvim/mason/packages/lua-language-server/libexec/meta/Lua%205.4%20en-us%20utf8/table.lua
[19:03:34.882][info] [#0:script/workspace/loading.lua:97]: Skip loaded file: file:///home/gabriel-delabenetta/.local/share/nvim/mason/packages/lua-language-server/libexec/meta/Lua%205.4%20en-us%20utf8/table.lua
[19:03:34.882][info] [#0:script/workspace/loading.lua:100]: Preload file at: file:///home/gabriel-delabenetta/.local/share/nvim/mason/packages/lua-language-server/libexec/meta/Lua%205.4%20en-us%20utf8/string.lua , size = 5.260 KB
[19:03:34.888][info] [#0:script/workspace/loading.lua:112]: ++++As library of:	file:///home/gabriel-delabenetta/.local/share/nvim/mason/packages/lua-language-server/libexec/meta/Lua%205.4%20en-us%20utf8/string.lua
[19:03:34.888][info] [#0:script/workspace/loading.lua:97]: Skip loaded file: file:///home/gabriel-delabenetta/.local/share/nvim/mason/packages/lua-language-server/libexec/meta/Lua%205.4%20en-us%20utf8/string.lua
[19:03:34.888][info] [#0:script/workspace/loading.lua:97]: Skip loaded file: file:///home/gabriel-delabenetta/.local/share/nvim/mason/packages/lua-language-server/libexec/meta/Lua%205.4%20en-us%20utf8/io.lua
[19:03:34.889][info] [#0:script/workspace/loading.lua:100]: Preload file at: file:///home/gabriel-delabenetta/.local/share/nvim/mason/packages/lua-language-server/libexec/meta/Lua%205.4%20en-us%20utf8/builtin.lua , size = 0.302 KB
[19:03:34.890][info] [#0:script/workspace/loading.lua:112]: ++++As library of:	file:///home/gabriel-delabenetta/.local/share/nvim/mason/packages/lua-language-server/libexec/meta/Lua%205.4%20en-us%20utf8/builtin.lua
[19:03:34.890][info] [#0:script/workspace/loading.lua:97]: Skip loaded file: file:///home/gabriel-delabenetta/.local/share/nvim/mason/packages/lua-language-server/libexec/meta/Lua%205.4%20en-us%20utf8/builtin.lua
[19:03:34.890][info] [#0:script/workspace/loading.lua:100]: Preload file at: file:///home/gabriel-delabenetta/.local/share/nvim/mason/packages/lua-language-server/libexec/meta/Lua%205.4%20en-us%20utf8/os.lua , size = 5.611 KB
[19:03:34.903][info] [#0:script/workspace/loading.lua:112]: ++++As library of:	file:///home/gabriel-delabenetta/.local/share/nvim/mason/packages/lua-language-server/libexec/meta/Lua%205.4%20en-us%20utf8/os.lua
[19:03:34.903][info] [#0:script/workspace/loading.lua:97]: Skip loaded file: file:///home/gabriel-delabenetta/.local/share/nvim/mason/packages/lua-language-server/libexec/meta/Lua%205.4%20en-us%20utf8/os.lua
[19:03:34.903][info] [#0:script/workspace/loading.lua:172]: Loaded files takes [0.108] sec: <fallback>
[19:03:34.903][info] [#0:script/workspace/loading.lua:181]: Compile files takes [0.000] sec: <fallback>
[19:03:34.903][info] [#0:script/workspace/loading.lua:182]: Loaded finish:	<fallback>
[19:03:34.903][info] [#0:script/workspace/workspace.lua:381]: Preload finish at:	<fallback>
[19:03:34.908][info] [#0:script/workspace/loading.lua:100]: Preload file at: file:///home/gabriel-delabenetta/.config/nvim/lua/plugins/lualine.lua , size = 0.302 KB
[19:03:34.908][info] [#0:script/workspace/loading.lua:100]: Preload file at: file:///home/gabriel-delabenetta/.config/nvim/lua/plugins/catppuccin.lua , size = 0.271 KB
[19:03:34.909][info] [#0:script/workspace/loading.lua:100]: Preload file at: file:///home/gabriel-delabenetta/.config/nvim/lua/plugins/treesitter.lua , size = 0.366 KB
[19:03:34.910][info] [#0:script/workspace/loading.lua:100]: Preload file at: file:///home/gabriel-delabenetta/.config/nvim/lua/plugins/telescope.lua , size = 0.743 KB
[19:03:34.911][info] [#0:script/workspace/loading.lua:100]: Preload file at: file:///home/gabriel-delabenetta/.config/nvim/lua/plugins/lsp.lua , size = 1.845 KB
[19:03:34.913][info] [#0:script/workspace/loading.lua:100]: Preload file at: file:///home/gabriel-delabenetta/.config/nvim/lua/plugins/neotree.lua , size = 0.675 KB
[19:03:34.914][info] [#0:script/workspace/loading.lua:100]: Preload file at: file:///home/gabriel-delabenetta/.config/nvim/lua/command-options.lua , size = 0.222 KB
[19:03:34.915][info] [#0:script/workspace/loading.lua:100]: Preload file at: file:///home/gabriel-delabenetta/.config/nvim/lua/config/options.lua , size = 0.201 KB
[19:03:34.916][info] [#0:script/workspace/loading.lua:88]: Skip loaded file: file:///home/gabriel-delabenetta/.config/nvim/init.lua
[19:03:34.916][info] [#0:script/workspace/loading.lua:172]: Loaded files takes [0.120] sec: file:///home/gabriel-delabenetta/.config/nvim
[19:03:34.916][info] [#0:script/workspace/loading.lua:181]: Compile files takes [0.000] sec: file:///home/gabriel-delabenetta/.config/nvim
[19:03:34.916][info] [#0:script/workspace/loading.lua:182]: Loaded finish:	file:///home/gabriel-delabenetta/.config/nvim
[19:03:34.916][info] [#0:script/workspace/workspace.lua:381]: Preload finish at:	file:///home/gabriel-delabenetta/.config/nvim
[19:03:34.927][info] [#0:script/provider/diagnostic.lua:560]: Diagnostics scope [file:///home/gabriel-delabenetta/.config/nvim], files count:[20]
[19:03:35.057][info] [#0:script/provider/diagnostic.lua:577]: Diagnostics scope [file:///home/gabriel-delabenetta/.config/nvim] finished, takes [0.072] sec.
[19:13:33.937][info] [#0:script/service/service.lua:145]: 
========= Medical Examination Report =========
    --------------- Memory ---------------
        Total: 6.895 MB
        # 00 : 6.550 MB
        # 01 : 0.053 MB
        # 02 : 0.053 MB
        # 03 : 0.115 MB
        # 04 : 0.123 MB
    --------------- Coroutine ---------------
        Total:     21
        Running:   0
        Suspended: 0
        Normal:    0
        Dead:      21
    --------------- Cache ---------------
        Total: 1
        Dead:  0
    ---------------  RPC  ---------------
        Holdon:   0
        Waiting:  0
==============================================
[19:23:33.977][info] [#0:script/service/service.lua:145]: 
========= Medical Examination Report =========
    --------------- Memory ---------------
        Total: 6.899 MB
        # 00 : 6.554 MB
        # 01 : 0.053 MB
        # 02 : 0.053 MB
        # 03 : 0.115 MB
        # 04 : 0.123 MB
    --------------- Coroutine ---------------
        Total:     21
        Running:   0
        Suspended: 0
        Normal:    0
        Dead:      21
    --------------- Cache ---------------
        Total: 1
        Dead:  0
    ---------------  RPC  ---------------
        Holdon:   0
        Waiting:  0
==============================================
[19:33:34.001][info] [#0:script/service/service.lua:145]: 
========= Medical Examination Report =========
    --------------- Memory ---------------
        Total: 6.903 MB
        # 00 : 6.558 MB
        # 01 : 0.053 MB
        # 02 : 0.053 MB
        # 03 : 0.115 MB
        # 04 : 0.123 MB
    --------------- Coroutine ---------------
        Total:     21
        Running:   0
        Suspended: 0
        Normal:    0
        Dead:      21
    --------------- Cache ---------------
        Total: 1
        Dead:  0
    ---------------  RPC  ---------------
        Holdon:   0
        Waiting:  0
==============================================
[19:43:34.025][info] [#0:script/service/service.lua:145]: 
========= Medical Examination Report =========
    --------------- Memory ---------------
        Total: 6.907 MB
        # 00 : 6.562 MB
        # 01 : 0.053 MB
        # 02 : 0.053 MB
        # 03 : 0.115 MB
        # 04 : 0.123 MB
    --------------- Coroutine ---------------
        Total:     21
        Running:   0
        Suspended: 0
        Normal:    0
        Dead:      21
    --------------- Cache ---------------
        Total: 1
        Dead:  0
    ---------------  RPC  ---------------
        Holdon:   0
        Waiting:  0
==============================================
[19:45:34.449][info] [#0:script/workspace/workspace.lua:284]: Scan files at:	file:///home/gabriel-delabenetta/.config/nvim/init.lua
[19:45:34.449][info] [#0:script/workspace/loading.lua:160]: Load files from disk:	file:///home/gabriel-delabenetta/.config/nvim/init.lua
[19:45:34.449][info] [#0:script/workspace/loading.lua:88]: Skip loaded file: file:///home/gabriel-delabenetta/.config/nvim/init.lua
[19:45:34.449][info] [#0:script/workspace/loading.lua:172]: Loaded files takes [0.000] sec: file:///home/gabriel-delabenetta/.config/nvim/init.lua
[19:45:34.449][info] [#0:script/workspace/loading.lua:181]: Compile files takes [0.000] sec: file:///home/gabriel-delabenetta/.config/nvim/init.lua
[19:45:34.449][info] [#0:script/workspace/loading.lua:182]: Loaded finish:	file:///home/gabriel-delabenetta/.config/nvim/init.lua
[19:45:38.446][info] [#0:script/provider/diagnostic.lua:560]: Diagnostics scope [file:///home/gabriel-delabenetta/.config/nvim], files count:[20]
[19:45:38.560][info] [#0:script/provider/diagnostic.lua:577]: Diagnostics scope [file:///home/gabriel-delabenetta/.config/nvim] finished, takes [0.057] sec.
[19:50:12.589][info] [#0:script/workspace/workspace.lua:284]: Scan files at:	file:///home/gabriel-delabenetta/.config/nvim/init.lua
[19:50:12.589][info] [#0:script/workspace/loading.lua:160]: Load files from disk:	file:///home/gabriel-delabenetta/.config/nvim/init.lua
[19:50:12.589][info] [#0:script/workspace/loading.lua:88]: Skip loaded file: file:///home/gabriel-delabenetta/.config/nvim/init.lua
[19:50:12.589][info] [#0:script/workspace/loading.lua:172]: Loaded files takes [0.000] sec: file:///home/gabriel-delabenetta/.config/nvim/init.lua
[19:50:12.589][info] [#0:script/workspace/loading.lua:181]: Compile files takes [0.000] sec: file:///home/gabriel-delabenetta/.config/nvim/init.lua
[19:50:12.589][info] [#0:script/workspace/loading.lua:182]: Loaded finish:	file:///home/gabriel-delabenetta/.config/nvim/init.lua
[19:50:14.614][warn] [#0:script/pub/report.lua:24]: Load proto error:	Disconnected!
