[13:31:20.172][info] [#0:/home/gabriel-delabenetta/.local/share/nvim/mason/packages/lua-language-server/libexec/main.lua:68]: Lua Lsp startup, root: 	/home/gabriel-delabenetta/.local/share/nvim/mason/packages/lua-language-server/libexec
[13:31:20.172][info] [#0:/home/gabriel-delabenetta/.local/share/nvim/mason/packages/lua-language-server/libexec/main.lua:69]: ROOT:	/home/gabriel-delabenetta/.local/share/nvim/mason/packages/lua-language-server/libexec
[13:31:20.172][info] [#0:/home/gabriel-delabenetta/.local/share/nvim/mason/packages/lua-language-server/libexec/main.lua:70]: LOGPATH:	/home/gabriel-delabenetta/.local/share/nvim/mason/packages/lua-language-server/libexec/log
[13:31:20.172][info] [#0:/home/gabriel-delabenetta/.local/share/nvim/mason/packages/lua-language-server/libexec/main.lua:71]: METAPATH:	/home/gabriel-delabenetta/.local/share/nvim/mason/packages/lua-language-server/libexec/meta
[13:31:20.172][info] [#0:/home/gabriel-delabenetta/.local/share/nvim/mason/packages/lua-language-server/libexec/main.lua:72]: VERSION:	3.13.9
[13:31:20.232][info] [#0:script/proto/proto.lua:260]: Listen Mode: stdio
[13:31:20.232][info] [#0:script/service/service.lua:145]: 
========= Medical Examination Report =========
    --------------- Memory ---------------
        Total: 2.259 MB
        # 00 : 2.259 MB
        # 01 : 0.000 MB
        # 02 : 0.000 MB
        # 03 : 0.000 MB
        # 04 : 0.000 MB
    --------------- Coroutine ---------------
        Total:     0
        Running:   0
        Suspended: 0
        Normal:    0
        Dead:      0
    --------------- Cache ---------------
        Total: 1
        Dead:  0
    ---------------  RPC  ---------------
        Holdon:   0
        Waiting:  0
==============================================
[13:31:20.342][info] [#0:script/client.lua:657]: Client init	{
  capabilities = {
    textDocument = {
      callHierarchy = {
        dynamicRegistration = false
      },
      codeAction = {
        codeActionLiteralSupport = {
          codeActionKind = {
            valueSet = { "", "quickfix", "refactor", "refactor.extract", "refactor.inline", "refactor.rewrite", "source", "source.organizeImports" }
          }
        },
        dataSupport = true,
        dynamicRegistration = false,
        isPreferredSupport = true,
        resolveSupport = {
          properties = { "edit" }
        }
      },
      completion = {
        completionItem = {
          commitCharactersSupport = false,
          deprecatedSupport = false,
          documentationFormat = { "markdown", "plaintext" },
          preselectSupport = false,
          snippetSupport = false
        },
        completionItemKind = {
          valueSet = { 1, 2, 3, 4, 5, 6, 7, 8, 9, 10, 11, 12, 13, 14, 15, 16, 17, 18, 19, 20, 21, 22, 23, 24, 25 }
        },
        contextSupport = false,
        dynamicRegistration = false
      },
      declaration = {
        linkSupport = true
      },
      definition = {
        linkSupport = true
      },
      documentHighlight = {
        dynamicRegistration = false
      },
      documentSymbol = {
        dynamicRegistration = false,
        hierarchicalDocumentSymbolSupport = true,
        symbolKind = {
          valueSet = { 1, 2, 3, 4, 5, 6, 7, 8, 9, 10, 11, 12, 13, 14, 15, 16, 17, 18, 19, 20, 21, 22, 23, 24, 25, 26 }
        }
      },
      hover = {
        contentFormat = { "markdown", "plaintext" },
        dynamicRegistration = false
      },
      implementation = {
        linkSupport = true
      },
      publishDiagnostics = {
        relatedInformation = true,
        tagSupport = {
          valueSet = { 1, 2 }
        }
      },
      references = {
        dynamicRegistration = false
      },
      rename = {
        dynamicRegistration = false,
        prepareSupport = true
      },
      semanticTokens = {
        augmentsSyntaxTokens = true,
        dynamicRegistration = false,
        formats = { "relative" },
        multilineTokenSupport = false,
        overlappingTokenSupport = true,
        requests = {
          full = {
            delta = true
          },
          range = false
        },
        serverCancelSupport = false,
        tokenModifiers = { "declaration", "definition", "readonly", "static", "deprecated", "abstract", "async", "modification", "documentation", "defaultLibrary" },
        tokenTypes = { "namespace", "type", "class", "enum", "interface", "struct", "typeParameter", "parameter", "variable", "property", "enumMember", "event", "function", "method", "macro", "keyword", "modifier", "comment", "string", "number", "regexp", "operator", "decorator" }
      },
      signatureHelp = {
        dynamicRegistration = false,
        signatureInformation = {
          activeParameterSupport = true,
          documentationFormat = { "markdown", "plaintext" },
          parameterInformation = {
            labelOffsetSupport = true
          }
        }
      },
      synchronization = {
        didSave = true,
        dynamicRegistration = false,
        willSave = true,
        willSaveWaitUntil = true
      },
      typeDefinition = {
        linkSupport = true
      }
    },
    window = {
      showDocument = {
        support = true
      },
      showMessage = {
        messageActionItem = {
          additionalPropertiesSupport = false
        }
      },
      workDoneProgress = true
    },
    workspace = {
      applyEdit = true,
      configuration = true,
      didChangeWatchedFiles = {
        dynamicRegistration = false,
        relativePatternSupport = true
      },
      semanticTokens = {
        refreshSupport = true
      },
      symbol = {
        dynamicRegistration = false,
        hierarchicalWorkspaceSymbolSupport = true,
        symbolKind = {
          valueSet = { 1, 2, 3, 4, 5, 6, 7, 8, 9, 10, 11, 12, 13, 14, 15, 16, 17, 18, 19, 20, 21, 22, 23, 24, 25, 26 }
        }
      },
      workspaceEdit = {
        resourceOperations = { "rename", "create", "delete" }
      },
      workspaceFolders = true
    }
  },
  clientInfo = {
    name = "Neovim",
    version = "0.9.5"
  },
  initializationOptions = {},
  processId = 5991,
  rootPath = "/home/gabriel-delabenetta/.config/nvim/lua",
  rootUri = "file:///home/gabriel-delabenetta/.config/nvim/lua",
  trace = "off",
  workspaceFolders = { {
      name = "/home/gabriel-delabenetta/.config/nvim/lua",
      uri = "file:///home/gabriel-delabenetta/.config/nvim/lua"
    } }
}
[13:31:20.342][info] [#0:script/language.lua:137]: VSC language: nil
[13:31:20.342][info] [#0:script/language.lua:138]: LS  language: en-us
[13:31:20.342][info] [#0:script/workspace/workspace.lua:38]: Workspace init root: 	file:///home/gabriel-delabenetta/.config/nvim/lua
[13:31:20.342][info] [#0:script/workspace/workspace.lua:42]: Log path: 	/home/gabriel-delabenetta/.local/share/nvim/mason/packages/lua-language-server/libexec/log/file_home_gabriel-delabenetta_.config_nvim_lua.log
[13:31:20.343][info] [#0:script/workspace/workspace.lua:48]: Workspace create: 	file:///home/gabriel-delabenetta/.config/nvim/lua
[13:31:20.648][warn] [#0:script/config/loader.lua:116]: No config?	{}
[13:31:20.649][info] [#0:script/provider/provider.lua:56]: Load config from .luarc.json/.luarc.jsonc	file:///home/gabriel-delabenetta/.config/nvim/lua
[13:31:20.649][info] [#0:script/provider/provider.lua:57]: {
  ["diagnostics.globals"] = { "vim" }
}
[13:31:20.750][warn] [#0:script/config/loader.lua:116]: No config?	{}
[13:31:20.750][info] [#0:script/provider/provider.lua:65]: Load config from client	fallback
[13:31:20.750][info] [#0:script/provider/provider.lua:66]: nil
[13:31:20.884][info] [#0:script/library.lua:212]: Init builtin library at:	file:///home/gabriel-delabenetta/.config/nvim/lua
[13:31:20.907][info] [#0:script/library.lua:212]: Init builtin library at:	nil
[13:31:21.024][info] [#0:script/workspace/workspace.lua:324]: Preload start:	file:///home/gabriel-delabenetta/.config/nvim/lua
[13:31:21.029][info] [#0:script/workspace/workspace.lua:330]: Scan files at:	file:///home/gabriel-delabenetta/.config/nvim/lua
[13:31:21.030][info] [#0:script/workspace/workspace.lua:324]: Preload start:	<fallback>
[13:31:21.040][info] [#0:script/workspace/workspace.lua:353]: Scan library at:	file:///home/gabriel-delabenetta/.local/share/nvim/mason/packages/lua-language-server/libexec/meta/Lua%205.4%20en-us%20utf8/os.lua
[13:31:21.041][info] [#0:script/workspace/workspace.lua:353]: Scan library at:	file:///home/gabriel-delabenetta/.local/share/nvim/mason/packages/lua-language-server/libexec/meta/Lua%205.4%20en-us%20utf8/builtin.lua
[13:31:21.041][info] [#0:script/workspace/workspace.lua:353]: Scan library at:	file:///home/gabriel-delabenetta/.local/share/nvim/mason/packages/lua-language-server/libexec/meta/Lua%205.4%20en-us%20utf8/string.lua
[13:31:21.042][info] [#0:script/workspace/workspace.lua:353]: Scan library at:	file:///home/gabriel-delabenetta/.local/share/nvim/mason/packages/lua-language-server/libexec/meta/Lua%205.4%20en-us%20utf8/table.lua
[13:31:21.043][info] [#0:script/workspace/workspace.lua:353]: Scan library at:	file:///home/gabriel-delabenetta/.local/share/nvim/mason/packages/lua-language-server/libexec/meta/Lua%205.4%20en-us%20utf8/math.lua
[13:31:21.043][info] [#0:script/workspace/workspace.lua:353]: Scan library at:	file:///home/gabriel-delabenetta/.local/share/nvim/mason/packages/lua-language-server/libexec/meta/Lua%205.4%20en-us%20utf8/package.lua
[13:31:21.044][info] [#0:script/workspace/workspace.lua:353]: Scan library at:	file:///home/gabriel-delabenetta/.local/share/nvim/mason/packages/lua-language-server/libexec/meta/Lua%205.4%20en-us%20utf8/utf8.lua
[13:31:21.044][info] [#0:script/workspace/workspace.lua:353]: Scan library at:	file:///home/gabriel-delabenetta/.local/share/nvim/mason/packages/lua-language-server/libexec/meta/Lua%205.4%20en-us%20utf8/basic.lua
[13:31:21.044][info] [#0:script/workspace/workspace.lua:353]: Scan library at:	file:///home/gabriel-delabenetta/.local/share/nvim/mason/packages/lua-language-server/libexec/meta/Lua%205.4%20en-us%20utf8/coroutine.lua
[13:31:21.045][info] [#0:script/workspace/workspace.lua:353]: Scan library at:	file:///home/gabriel-delabenetta/.local/share/nvim/mason/packages/lua-language-server/libexec/meta/Lua%205.4%20en-us%20utf8/debug.lua
[13:31:21.045][info] [#0:script/workspace/workspace.lua:353]: Scan library at:	file:///home/gabriel-delabenetta/.local/share/nvim/mason/packages/lua-language-server/libexec/meta/Lua%205.4%20en-us%20utf8/os.lua
[13:31:21.045][info] [#0:script/workspace/workspace.lua:353]: Scan library at:	file:///home/gabriel-delabenetta/.local/share/nvim/mason/packages/lua-language-server/libexec/meta/Lua%205.4%20en-us%20utf8/io.lua
[13:31:21.046][info] [#0:script/workspace/workspace.lua:353]: Scan library at:	file:///home/gabriel-delabenetta/.local/share/nvim/mason/packages/lua-language-server/libexec/meta/Lua%205.4%20en-us%20utf8/builtin.lua
[13:31:21.046][info] [#0:script/workspace/workspace.lua:353]: Scan library at:	file:///home/gabriel-delabenetta/.local/share/nvim/mason/packages/lua-language-server/libexec/meta/Lua%205.4%20en-us%20utf8/string.lua
[13:31:21.046][info] [#0:script/workspace/workspace.lua:353]: Scan library at:	file:///home/gabriel-delabenetta/.local/share/nvim/mason/packages/lua-language-server/libexec/meta/Lua%205.4%20en-us%20utf8/table.lua
[13:31:21.046][info] [#0:script/workspace/workspace.lua:353]: Scan library at:	file:///home/gabriel-delabenetta/.local/share/nvim/mason/packages/lua-language-server/libexec/meta/Lua%205.4%20en-us%20utf8/math.lua
[13:31:21.047][info] [#0:script/workspace/workspace.lua:353]: Scan library at:	file:///home/gabriel-delabenetta/.local/share/nvim/mason/packages/lua-language-server/libexec/meta/Lua%205.4%20en-us%20utf8/package.lua
[13:31:21.047][info] [#0:script/workspace/workspace.lua:353]: Scan library at:	file:///home/gabriel-delabenetta/.local/share/nvim/mason/packages/lua-language-server/libexec/meta/Lua%205.4%20en-us%20utf8/utf8.lua
[13:31:21.047][info] [#0:script/workspace/workspace.lua:353]: Scan library at:	file:///home/gabriel-delabenetta/.local/share/nvim/mason/packages/lua-language-server/libexec/meta/Lua%205.4%20en-us%20utf8/basic.lua
[13:31:21.047][info] [#0:script/workspace/workspace.lua:353]: Scan library at:	file:///home/gabriel-delabenetta/.local/share/nvim/mason/packages/lua-language-server/libexec/meta/Lua%205.4%20en-us%20utf8/coroutine.lua
[13:31:21.048][info] [#0:script/workspace/workspace.lua:353]: Scan library at:	file:///home/gabriel-delabenetta/.local/share/nvim/mason/packages/lua-language-server/libexec/meta/Lua%205.4%20en-us%20utf8/debug.lua
[13:31:21.048][info] [#0:script/workspace/workspace.lua:353]: Scan library at:	file:///home/gabriel-delabenetta/.local/share/nvim/mason/packages/lua-language-server/libexec/meta/Lua%205.4%20en-us%20utf8/io.lua
[13:31:21.149][info] [#0:script/workspace/workspace.lua:379]: Found 11 files at:	<fallback>
[13:31:21.149][info] [#0:script/workspace/loading.lua:160]: Load files from disk:	<fallback>
[13:31:21.149][info] [#0:script/workspace/workspace.lua:379]: Found 19 files at:	file:///home/gabriel-delabenetta/.config/nvim/lua
[13:31:21.149][info] [#0:script/workspace/loading.lua:160]: Load files from disk:	file:///home/gabriel-delabenetta/.config/nvim/lua
[13:31:21.152][info] [#0:script/workspace/loading.lua:100]: Preload file at: file:///home/gabriel-delabenetta/.local/share/nvim/mason/packages/lua-language-server/libexec/meta/Lua%205.4%20en-us%20utf8/io.lua , size = 6.364 KB
[13:31:21.164][info] [#0:script/workspace/loading.lua:112]: ++++As library of:	file:///home/gabriel-delabenetta/.local/share/nvim/mason/packages/lua-language-server/libexec/meta/Lua%205.4%20en-us%20utf8/io.lua
[13:31:21.164][info] [#0:script/workspace/loading.lua:100]: Preload file at: file:///home/gabriel-delabenetta/.local/share/nvim/mason/packages/lua-language-server/libexec/meta/Lua%205.4%20en-us%20utf8/debug.lua , size = 7.637 KB
[13:31:21.178][info] [#0:script/workspace/loading.lua:112]: ++++As library of:	file:///home/gabriel-delabenetta/.local/share/nvim/mason/packages/lua-language-server/libexec/meta/Lua%205.4%20en-us%20utf8/debug.lua
[13:31:21.179][info] [#0:script/workspace/loading.lua:97]: Skip loaded file: file:///home/gabriel-delabenetta/.local/share/nvim/mason/packages/lua-language-server/libexec/meta/Lua%205.4%20en-us%20utf8/debug.lua
[13:31:21.179][info] [#0:script/workspace/loading.lua:100]: Preload file at: file:///home/gabriel-delabenetta/.local/share/nvim/mason/packages/lua-language-server/libexec/meta/Lua%205.4%20en-us%20utf8/coroutine.lua , size = 2.590 KB
[13:31:21.182][info] [#0:script/workspace/loading.lua:112]: ++++As library of:	file:///home/gabriel-delabenetta/.local/share/nvim/mason/packages/lua-language-server/libexec/meta/Lua%205.4%20en-us%20utf8/coroutine.lua
[13:31:21.182][info] [#0:script/workspace/loading.lua:97]: Skip loaded file: file:///home/gabriel-delabenetta/.local/share/nvim/mason/packages/lua-language-server/libexec/meta/Lua%205.4%20en-us%20utf8/coroutine.lua
[13:31:21.182][info] [#0:script/workspace/loading.lua:100]: Preload file at: file:///home/gabriel-delabenetta/.local/share/nvim/mason/packages/lua-language-server/libexec/meta/Lua%205.4%20en-us%20utf8/basic.lua , size = 15.841 KB
[13:31:21.202][info] [#0:script/workspace/loading.lua:112]: ++++As library of:	file:///home/gabriel-delabenetta/.local/share/nvim/mason/packages/lua-language-server/libexec/meta/Lua%205.4%20en-us%20utf8/basic.lua
[13:31:21.203][info] [#0:script/workspace/loading.lua:97]: Skip loaded file: file:///home/gabriel-delabenetta/.local/share/nvim/mason/packages/lua-language-server/libexec/meta/Lua%205.4%20en-us%20utf8/basic.lua
[13:31:21.203][info] [#0:script/workspace/loading.lua:100]: Preload file at: file:///home/gabriel-delabenetta/.local/share/nvim/mason/packages/lua-language-server/libexec/meta/Lua%205.4%20en-us%20utf8/utf8.lua , size = 2.386 KB
[13:31:21.205][info] [#0:script/workspace/loading.lua:112]: ++++As library of:	file:///home/gabriel-delabenetta/.local/share/nvim/mason/packages/lua-language-server/libexec/meta/Lua%205.4%20en-us%20utf8/utf8.lua
[13:31:21.206][info] [#0:script/workspace/loading.lua:97]: Skip loaded file: file:///home/gabriel-delabenetta/.local/share/nvim/mason/packages/lua-language-server/libexec/meta/Lua%205.4%20en-us%20utf8/utf8.lua
[13:31:21.206][info] [#0:script/workspace/loading.lua:100]: Preload file at: file:///home/gabriel-delabenetta/.local/share/nvim/mason/packages/lua-language-server/libexec/meta/Lua%205.4%20en-us%20utf8/package.lua , size = 2.944 KB
[13:31:21.208][info] [#0:script/workspace/loading.lua:112]: ++++As library of:	file:///home/gabriel-delabenetta/.local/share/nvim/mason/packages/lua-language-server/libexec/meta/Lua%205.4%20en-us%20utf8/package.lua
[13:31:21.208][info] [#0:script/workspace/loading.lua:97]: Skip loaded file: file:///home/gabriel-delabenetta/.local/share/nvim/mason/packages/lua-language-server/libexec/meta/Lua%205.4%20en-us%20utf8/package.lua
[13:31:21.208][info] [#0:script/workspace/loading.lua:100]: Preload file at: file:///home/gabriel-delabenetta/.local/share/nvim/mason/packages/lua-language-server/libexec/meta/Lua%205.4%20en-us%20utf8/math.lua , size = 8.542 KB
[13:31:21.218][info] [#0:script/workspace/loading.lua:112]: ++++As library of:	file:///home/gabriel-delabenetta/.local/share/nvim/mason/packages/lua-language-server/libexec/meta/Lua%205.4%20en-us%20utf8/math.lua
[13:31:21.218][info] [#0:script/workspace/loading.lua:97]: Skip loaded file: file:///home/gabriel-delabenetta/.local/share/nvim/mason/packages/lua-language-server/libexec/meta/Lua%205.4%20en-us%20utf8/math.lua
[13:31:21.218][info] [#0:script/workspace/loading.lua:100]: Preload file at: file:///home/gabriel-delabenetta/.local/share/nvim/mason/packages/lua-language-server/libexec/meta/Lua%205.4%20en-us%20utf8/table.lua , size = 4.445 KB
[13:31:21.224][info] [#0:script/workspace/loading.lua:112]: ++++As library of:	file:///home/gabriel-delabenetta/.local/share/nvim/mason/packages/lua-language-server/libexec/meta/Lua%205.4%20en-us%20utf8/table.lua
[13:31:21.224][info] [#0:script/workspace/loading.lua:97]: Skip loaded file: file:///home/gabriel-delabenetta/.local/share/nvim/mason/packages/lua-language-server/libexec/meta/Lua%205.4%20en-us%20utf8/table.lua
[13:31:21.224][info] [#0:script/workspace/loading.lua:97]: Skip loaded file: file:///home/gabriel-delabenetta/.local/share/nvim/mason/packages/lua-language-server/libexec/meta/Lua%205.4%20en-us%20utf8/io.lua
[13:31:21.224][info] [#0:script/workspace/loading.lua:100]: Preload file at: file:///home/gabriel-delabenetta/.local/share/nvim/mason/packages/lua-language-server/libexec/meta/Lua%205.4%20en-us%20utf8/string.lua , size = 5.260 KB
[13:31:21.231][info] [#0:script/workspace/loading.lua:112]: ++++As library of:	file:///home/gabriel-delabenetta/.local/share/nvim/mason/packages/lua-language-server/libexec/meta/Lua%205.4%20en-us%20utf8/string.lua
[13:31:21.231][info] [#0:script/workspace/loading.lua:88]: Skip loaded file: file:///home/gabriel-delabenetta/.local/share/nvim/mason/packages/lua-language-server/libexec/meta/Lua%205.4%20en-us%20utf8/string.lua
[13:31:21.231][info] [#0:script/workspace/loading.lua:112]: ++++As library of:	file:///home/gabriel-delabenetta/.local/share/nvim/mason/packages/lua-language-server/libexec/meta/Lua%205.4%20en-us%20utf8/string.lua
[13:31:21.232][info] [#0:script/workspace/loading.lua:100]: Preload file at: file:///home/gabriel-delabenetta/.local/share/nvim/mason/packages/lua-language-server/libexec/meta/Lua%205.4%20en-us%20utf8/builtin.lua , size = 0.302 KB
[13:31:21.233][info] [#0:script/workspace/loading.lua:112]: ++++As library of:	file:///home/gabriel-delabenetta/.local/share/nvim/mason/packages/lua-language-server/libexec/meta/Lua%205.4%20en-us%20utf8/builtin.lua
[13:31:21.233][info] [#0:script/workspace/loading.lua:88]: Skip loaded file: file:///home/gabriel-delabenetta/.local/share/nvim/mason/packages/lua-language-server/libexec/meta/Lua%205.4%20en-us%20utf8/builtin.lua
[13:31:21.233][info] [#0:script/workspace/loading.lua:112]: ++++As library of:	file:///home/gabriel-delabenetta/.local/share/nvim/mason/packages/lua-language-server/libexec/meta/Lua%205.4%20en-us%20utf8/builtin.lua
[13:31:21.233][info] [#0:script/workspace/loading.lua:100]: Preload file at: file:///home/gabriel-delabenetta/.local/share/nvim/mason/packages/lua-language-server/libexec/meta/Lua%205.4%20en-us%20utf8/os.lua , size = 5.611 KB
[13:31:21.246][info] [#0:script/workspace/loading.lua:112]: ++++As library of:	file:///home/gabriel-delabenetta/.local/share/nvim/mason/packages/lua-language-server/libexec/meta/Lua%205.4%20en-us%20utf8/os.lua
[13:31:21.246][info] [#0:script/workspace/loading.lua:97]: Skip loaded file: file:///home/gabriel-delabenetta/.local/share/nvim/mason/packages/lua-language-server/libexec/meta/Lua%205.4%20en-us%20utf8/os.lua
[13:31:21.246][info] [#0:script/workspace/loading.lua:172]: Loaded files takes [0.103] sec: <fallback>
[13:31:21.246][info] [#0:script/workspace/loading.lua:181]: Compile files takes [0.000] sec: <fallback>
[13:31:21.246][info] [#0:script/workspace/loading.lua:182]: Loaded finish:	<fallback>
[13:31:21.247][info] [#0:script/workspace/workspace.lua:381]: Preload finish at:	<fallback>
[13:31:21.251][info] [#0:script/workspace/loading.lua:100]: Preload file at: file:///home/gabriel-delabenetta/.config/nvim/lua/plugins/lualine.lua , size = 0.302 KB
[13:31:21.252][info] [#0:script/workspace/loading.lua:100]: Preload file at: file:///home/gabriel-delabenetta/.config/nvim/lua/plugins/catppuccin.lua , size = 0.236 KB
[13:31:21.252][info] [#0:script/workspace/loading.lua:100]: Preload file at: file:///home/gabriel-delabenetta/.config/nvim/lua/plugins/treesitter.lua , size = 0.366 KB
[13:31:21.253][info] [#0:script/workspace/loading.lua:100]: Preload file at: file:///home/gabriel-delabenetta/.config/nvim/lua/plugins/telescope.lua , size = 0.735 KB
[13:31:21.254][info] [#0:script/workspace/loading.lua:100]: Preload file at: file:///home/gabriel-delabenetta/.config/nvim/lua/plugins/lsp.lua , size = 1.007 KB
[13:31:21.256][info] [#0:script/workspace/loading.lua:100]: Preload file at: file:///home/gabriel-delabenetta/.config/nvim/lua/plugins/neotree.lua , size = 0.675 KB
[13:31:21.257][info] [#0:script/workspace/loading.lua:100]: Preload file at: file:///home/gabriel-delabenetta/.config/nvim/lua/command-options.lua , size = 0.170 KB
[13:31:21.257][info] [#0:script/workspace/loading.lua:88]: Skip loaded file: file:///home/gabriel-delabenetta/.config/nvim/lua/config/options.lua
[13:31:21.258][info] [#0:script/workspace/loading.lua:172]: Loaded files takes [0.114] sec: file:///home/gabriel-delabenetta/.config/nvim/lua
[13:31:21.258][info] [#0:script/workspace/loading.lua:181]: Compile files takes [0.000] sec: file:///home/gabriel-delabenetta/.config/nvim/lua
[13:31:21.258][info] [#0:script/workspace/loading.lua:182]: Loaded finish:	file:///home/gabriel-delabenetta/.config/nvim/lua
[13:31:21.258][info] [#0:script/workspace/workspace.lua:381]: Preload finish at:	file:///home/gabriel-delabenetta/.config/nvim/lua
[13:31:21.265][info] [#0:script/provider/diagnostic.lua:560]: Diagnostics scope [file:///home/gabriel-delabenetta/.config/nvim/lua], files count:[19]
[13:31:21.352][info] [#0:script/provider/diagnostic.lua:577]: Diagnostics scope [file:///home/gabriel-delabenetta/.config/nvim/lua] finished, takes [0.044] sec.
[13:31:56.253][info] [#0:script/workspace/workspace.lua:284]: Scan files at:	file:///home/gabriel-delabenetta/.config/nvim/lua/config/options.lua
[13:31:56.253][info] [#0:script/workspace/loading.lua:160]: Load files from disk:	file:///home/gabriel-delabenetta/.config/nvim/lua/config/options.lua
[13:31:56.253][info] [#0:script/workspace/loading.lua:88]: Skip loaded file: file:///home/gabriel-delabenetta/.config/nvim/lua/config/options.lua
[13:31:56.254][info] [#0:script/workspace/loading.lua:172]: Loaded files takes [0.000] sec: file:///home/gabriel-delabenetta/.config/nvim/lua/config/options.lua
[13:31:56.254][info] [#0:script/workspace/loading.lua:181]: Compile files takes [0.000] sec: file:///home/gabriel-delabenetta/.config/nvim/lua/config/options.lua
[13:31:56.254][info] [#0:script/workspace/loading.lua:182]: Loaded finish:	file:///home/gabriel-delabenetta/.config/nvim/lua/config/options.lua
[13:31:59.349][info] [#0:script/provider/diagnostic.lua:560]: Diagnostics scope [file:///home/gabriel-delabenetta/.config/nvim/lua], files count:[19]
[13:32:03.305][info] [#0:script/workspace/workspace.lua:284]: Scan files at:	file:///home/gabriel-delabenetta/.config/nvim/lua/config/options.lua
[13:32:03.305][info] [#0:script/workspace/loading.lua:160]: Load files from disk:	file:///home/gabriel-delabenetta/.config/nvim/lua/config/options.lua
[13:32:03.305][info] [#0:script/workspace/loading.lua:88]: Skip loaded file: file:///home/gabriel-delabenetta/.config/nvim/lua/config/options.lua
[13:32:03.305][info] [#0:script/workspace/loading.lua:172]: Loaded files takes [0.000] sec: file:///home/gabriel-delabenetta/.config/nvim/lua/config/options.lua
[13:32:03.305][info] [#0:script/workspace/loading.lua:181]: Compile files takes [0.000] sec: file:///home/gabriel-delabenetta/.config/nvim/lua/config/options.lua
[13:32:03.305][info] [#0:script/workspace/loading.lua:182]: Loaded finish:	file:///home/gabriel-delabenetta/.config/nvim/lua/config/options.lua
[13:32:05.852][info] [#0:script/provider/diagnostic.lua:560]: Diagnostics scope [file:///home/gabriel-delabenetta/.config/nvim/lua], files count:[19]
[13:32:05.930][info] [#0:script/provider/diagnostic.lua:577]: Diagnostics scope [file:///home/gabriel-delabenetta/.config/nvim/lua] finished, takes [0.033] sec.
[13:32:13.254][info] [#0:script/workspace/workspace.lua:48]: Workspace create: 	file:///home/gabriel-delabenetta/.config/nvim
[13:32:13.256][warn] [#0:script/config/loader.lua:116]: No config?	{}
[13:32:13.274][info] [#0:script/provider/provider.lua:56]: Load config from .luarc.json/.luarc.jsonc	file:///home/gabriel-delabenetta/.config/nvim/lua
[13:32:13.274][info] [#0:script/provider/provider.lua:57]: {
  ["diagnostics.globals"] = { "vim" }
}
[13:32:13.384][warn] [#0:script/config/loader.lua:116]: No config?	{}
[13:32:13.384][info] [#0:script/provider/provider.lua:56]: Load config from .luarc.json/.luarc.jsonc	file:///home/gabriel-delabenetta/.config/nvim
[13:32:13.384][info] [#0:script/provider/provider.lua:57]: {
  ["diagnostics.globals"] = { "vim" }
}
[13:32:13.486][warn] [#0:script/config/loader.lua:116]: No config?	{}
[13:32:13.486][info] [#0:script/provider/provider.lua:65]: Load config from client	fallback
[13:32:13.486][info] [#0:script/provider/provider.lua:66]: nil
[13:32:13.595][info] [#0:script/library.lua:212]: Init builtin library at:	file:///home/gabriel-delabenetta/.config/nvim
[13:32:13.720][info] [#0:script/workspace/workspace.lua:324]: Preload start:	file:///home/gabriel-delabenetta/.config/nvim
[13:32:13.725][info] [#0:script/workspace/workspace.lua:330]: Scan files at:	file:///home/gabriel-delabenetta/.config/nvim
[13:32:13.729][info] [#0:script/workspace/workspace.lua:353]: Scan library at:	file:///home/gabriel-delabenetta/.local/share/nvim/mason/packages/lua-language-server/libexec/meta/Lua%205.4%20en-us%20utf8/os.lua
[13:32:13.729][info] [#0:script/workspace/workspace.lua:353]: Scan library at:	file:///home/gabriel-delabenetta/.local/share/nvim/mason/packages/lua-language-server/libexec/meta/Lua%205.4%20en-us%20utf8/builtin.lua
[13:32:13.730][info] [#0:script/workspace/workspace.lua:353]: Scan library at:	file:///home/gabriel-delabenetta/.local/share/nvim/mason/packages/lua-language-server/libexec/meta/Lua%205.4%20en-us%20utf8/string.lua
[13:32:13.730][info] [#0:script/workspace/workspace.lua:353]: Scan library at:	file:///home/gabriel-delabenetta/.local/share/nvim/mason/packages/lua-language-server/libexec/meta/Lua%205.4%20en-us%20utf8/table.lua
[13:32:13.730][info] [#0:script/workspace/workspace.lua:353]: Scan library at:	file:///home/gabriel-delabenetta/.local/share/nvim/mason/packages/lua-language-server/libexec/meta/Lua%205.4%20en-us%20utf8/math.lua
[13:32:13.730][info] [#0:script/workspace/workspace.lua:353]: Scan library at:	file:///home/gabriel-delabenetta/.local/share/nvim/mason/packages/lua-language-server/libexec/meta/Lua%205.4%20en-us%20utf8/package.lua
[13:32:13.731][info] [#0:script/workspace/workspace.lua:353]: Scan library at:	file:///home/gabriel-delabenetta/.local/share/nvim/mason/packages/lua-language-server/libexec/meta/Lua%205.4%20en-us%20utf8/utf8.lua
[13:32:13.731][info] [#0:script/workspace/workspace.lua:353]: Scan library at:	file:///home/gabriel-delabenetta/.local/share/nvim/mason/packages/lua-language-server/libexec/meta/Lua%205.4%20en-us%20utf8/basic.lua
[13:32:13.731][info] [#0:script/workspace/workspace.lua:353]: Scan library at:	file:///home/gabriel-delabenetta/.local/share/nvim/mason/packages/lua-language-server/libexec/meta/Lua%205.4%20en-us%20utf8/coroutine.lua
[13:32:13.732][info] [#0:script/workspace/workspace.lua:353]: Scan library at:	file:///home/gabriel-delabenetta/.local/share/nvim/mason/packages/lua-language-server/libexec/meta/Lua%205.4%20en-us%20utf8/debug.lua
[13:32:13.732][info] [#0:script/workspace/workspace.lua:353]: Scan library at:	file:///home/gabriel-delabenetta/.local/share/nvim/mason/packages/lua-language-server/libexec/meta/Lua%205.4%20en-us%20utf8/io.lua
[13:32:13.833][info] [#0:script/workspace/workspace.lua:379]: Found 20 files at:	file:///home/gabriel-delabenetta/.config/nvim
[13:32:13.833][info] [#0:script/workspace/loading.lua:160]: Load files from disk:	file:///home/gabriel-delabenetta/.config/nvim
[13:32:13.833][info] [#0:script/workspace/loading.lua:88]: Skip loaded file: file:///home/gabriel-delabenetta/.local/share/nvim/mason/packages/lua-language-server/libexec/meta/Lua%205.4%20en-us%20utf8/io.lua
[13:32:13.833][info] [#0:script/workspace/loading.lua:112]: ++++As library of:	file:///home/gabriel-delabenetta/.local/share/nvim/mason/packages/lua-language-server/libexec/meta/Lua%205.4%20en-us%20utf8/io.lua
[13:32:13.833][info] [#0:script/workspace/loading.lua:88]: Skip loaded file: file:///home/gabriel-delabenetta/.local/share/nvim/mason/packages/lua-language-server/libexec/meta/Lua%205.4%20en-us%20utf8/debug.lua
[13:32:13.833][info] [#0:script/workspace/loading.lua:112]: ++++As library of:	file:///home/gabriel-delabenetta/.local/share/nvim/mason/packages/lua-language-server/libexec/meta/Lua%205.4%20en-us%20utf8/debug.lua
[13:32:13.833][info] [#0:script/workspace/loading.lua:88]: Skip loaded file: file:///home/gabriel-delabenetta/.local/share/nvim/mason/packages/lua-language-server/libexec/meta/Lua%205.4%20en-us%20utf8/coroutine.lua
[13:32:13.833][info] [#0:script/workspace/loading.lua:112]: ++++As library of:	file:///home/gabriel-delabenetta/.local/share/nvim/mason/packages/lua-language-server/libexec/meta/Lua%205.4%20en-us%20utf8/coroutine.lua
[13:32:13.833][info] [#0:script/workspace/loading.lua:88]: Skip loaded file: file:///home/gabriel-delabenetta/.local/share/nvim/mason/packages/lua-language-server/libexec/meta/Lua%205.4%20en-us%20utf8/basic.lua
[13:32:13.834][info] [#0:script/workspace/loading.lua:112]: ++++As library of:	file:///home/gabriel-delabenetta/.local/share/nvim/mason/packages/lua-language-server/libexec/meta/Lua%205.4%20en-us%20utf8/basic.lua
[13:32:13.834][info] [#0:script/workspace/loading.lua:88]: Skip loaded file: file:///home/gabriel-delabenetta/.local/share/nvim/mason/packages/lua-language-server/libexec/meta/Lua%205.4%20en-us%20utf8/utf8.lua
[13:32:13.834][info] [#0:script/workspace/loading.lua:112]: ++++As library of:	file:///home/gabriel-delabenetta/.local/share/nvim/mason/packages/lua-language-server/libexec/meta/Lua%205.4%20en-us%20utf8/utf8.lua
[13:32:13.834][info] [#0:script/workspace/loading.lua:88]: Skip loaded file: file:///home/gabriel-delabenetta/.local/share/nvim/mason/packages/lua-language-server/libexec/meta/Lua%205.4%20en-us%20utf8/package.lua
[13:32:13.834][info] [#0:script/workspace/loading.lua:112]: ++++As library of:	file:///home/gabriel-delabenetta/.local/share/nvim/mason/packages/lua-language-server/libexec/meta/Lua%205.4%20en-us%20utf8/package.lua
[13:32:13.834][info] [#0:script/workspace/loading.lua:88]: Skip loaded file: file:///home/gabriel-delabenetta/.local/share/nvim/mason/packages/lua-language-server/libexec/meta/Lua%205.4%20en-us%20utf8/math.lua
[13:32:13.834][info] [#0:script/workspace/loading.lua:112]: ++++As library of:	file:///home/gabriel-delabenetta/.local/share/nvim/mason/packages/lua-language-server/libexec/meta/Lua%205.4%20en-us%20utf8/math.lua
[13:32:13.834][info] [#0:script/workspace/loading.lua:88]: Skip loaded file: file:///home/gabriel-delabenetta/.local/share/nvim/mason/packages/lua-language-server/libexec/meta/Lua%205.4%20en-us%20utf8/table.lua
[13:32:13.834][info] [#0:script/workspace/loading.lua:112]: ++++As library of:	file:///home/gabriel-delabenetta/.local/share/nvim/mason/packages/lua-language-server/libexec/meta/Lua%205.4%20en-us%20utf8/table.lua
[13:32:13.834][info] [#0:script/workspace/loading.lua:88]: Skip loaded file: file:///home/gabriel-delabenetta/.local/share/nvim/mason/packages/lua-language-server/libexec/meta/Lua%205.4%20en-us%20utf8/string.lua
[13:32:13.834][info] [#0:script/workspace/loading.lua:112]: ++++As library of:	file:///home/gabriel-delabenetta/.local/share/nvim/mason/packages/lua-language-server/libexec/meta/Lua%205.4%20en-us%20utf8/string.lua
[13:32:13.835][info] [#0:script/workspace/loading.lua:88]: Skip loaded file: file:///home/gabriel-delabenetta/.local/share/nvim/mason/packages/lua-language-server/libexec/meta/Lua%205.4%20en-us%20utf8/builtin.lua
[13:32:13.835][info] [#0:script/workspace/loading.lua:112]: ++++As library of:	file:///home/gabriel-delabenetta/.local/share/nvim/mason/packages/lua-language-server/libexec/meta/Lua%205.4%20en-us%20utf8/builtin.lua
[13:32:13.835][info] [#0:script/workspace/loading.lua:88]: Skip loaded file: file:///home/gabriel-delabenetta/.local/share/nvim/mason/packages/lua-language-server/libexec/meta/Lua%205.4%20en-us%20utf8/os.lua
[13:32:13.835][info] [#0:script/workspace/loading.lua:112]: ++++As library of:	file:///home/gabriel-delabenetta/.local/share/nvim/mason/packages/lua-language-server/libexec/meta/Lua%205.4%20en-us%20utf8/os.lua
[13:32:13.835][info] [#0:script/workspace/loading.lua:88]: Skip loaded file: file:///home/gabriel-delabenetta/.config/nvim/lua/plugins/lualine.lua
[13:32:13.835][info] [#0:script/workspace/loading.lua:88]: Skip loaded file: file:///home/gabriel-delabenetta/.config/nvim/lua/plugins/catppuccin.lua
[13:32:13.835][info] [#0:script/workspace/loading.lua:88]: Skip loaded file: file:///home/gabriel-delabenetta/.config/nvim/lua/plugins/treesitter.lua
[13:32:13.835][info] [#0:script/workspace/loading.lua:88]: Skip loaded file: file:///home/gabriel-delabenetta/.config/nvim/lua/plugins/telescope.lua
[13:32:13.835][info] [#0:script/workspace/loading.lua:88]: Skip loaded file: file:///home/gabriel-delabenetta/.config/nvim/lua/plugins/lsp.lua
[13:32:13.835][info] [#0:script/workspace/loading.lua:88]: Skip loaded file: file:///home/gabriel-delabenetta/.config/nvim/lua/plugins/neotree.lua
[13:32:13.836][info] [#0:script/workspace/loading.lua:88]: Skip loaded file: file:///home/gabriel-delabenetta/.config/nvim/lua/command-options.lua
[13:32:13.836][info] [#0:script/workspace/loading.lua:88]: Skip loaded file: file:///home/gabriel-delabenetta/.config/nvim/lua/config/options.lua
[13:32:13.836][info] [#0:script/workspace/loading.lua:88]: Skip loaded file: file:///home/gabriel-delabenetta/.config/nvim/init.lua
[13:32:13.836][info] [#0:script/workspace/loading.lua:172]: Loaded files takes [0.002] sec: file:///home/gabriel-delabenetta/.config/nvim
[13:32:13.836][info] [#0:script/workspace/loading.lua:181]: Compile files takes [0.000] sec: file:///home/gabriel-delabenetta/.config/nvim
[13:32:13.836][info] [#0:script/workspace/loading.lua:182]: Loaded finish:	file:///home/gabriel-delabenetta/.config/nvim
[13:32:13.836][info] [#0:script/workspace/workspace.lua:381]: Preload finish at:	file:///home/gabriel-delabenetta/.config/nvim
[13:32:13.850][info] [#0:script/provider/diagnostic.lua:560]: Diagnostics scope [file:///home/gabriel-delabenetta/.config/nvim], files count:[20]
[13:32:13.955][info] [#0:script/provider/diagnostic.lua:577]: Diagnostics scope [file:///home/gabriel-delabenetta/.config/nvim] finished, takes [0.051] sec.
[13:41:20.187][info] [#0:script/service/service.lua:145]: 
========= Medical Examination Report =========
    --------------- Memory ---------------
        Total: 6.837 MB
        # 00 : 6.501 MB
        # 01 : 0.053 MB
        # 02 : 0.053 MB
        # 03 : 0.108 MB
        # 04 : 0.122 MB
    --------------- Coroutine ---------------
        Total:     2
        Running:   0
        Suspended: 0
        Normal:    0
        Dead:      2
    --------------- Cache ---------------
        Total: 1
        Dead:  0
    ---------------  RPC  ---------------
        Holdon:   0
        Waiting:  0
==============================================
[13:45:45.290][info] [#0:script/provider/diagnostic.lua:171]: clearDiagnostics	file:///home/gabriel-delabenetta/.config/nvim/init.lua
[13:45:54.450][info] [#0:script/provider/diagnostic.lua:171]: clearDiagnostics	file:///home/gabriel-delabenetta/.config/nvim/init.lua
[13:50:03.528][info] [#0:script/workspace/workspace.lua:284]: Scan files at:	file:///home/gabriel-delabenetta/.config/nvim/init.lua
[13:50:03.529][info] [#0:script/workspace/loading.lua:160]: Load files from disk:	file:///home/gabriel-delabenetta/.config/nvim/init.lua
[13:50:03.529][info] [#0:script/workspace/loading.lua:88]: Skip loaded file: file:///home/gabriel-delabenetta/.config/nvim/init.lua
[13:50:03.529][info] [#0:script/workspace/loading.lua:172]: Loaded files takes [0.000] sec: file:///home/gabriel-delabenetta/.config/nvim/init.lua
[13:50:03.529][info] [#0:script/workspace/loading.lua:181]: Compile files takes [0.000] sec: file:///home/gabriel-delabenetta/.config/nvim/init.lua
[13:50:03.529][info] [#0:script/workspace/loading.lua:182]: Loaded finish:	file:///home/gabriel-delabenetta/.config/nvim/init.lua
[13:50:06.228][info] [#0:script/provider/diagnostic.lua:560]: Diagnostics scope [file:///home/gabriel-delabenetta/.config/nvim], files count:[20]
[13:50:06.333][info] [#0:script/provider/diagnostic.lua:577]: Diagnostics scope [file:///home/gabriel-delabenetta/.config/nvim] finished, takes [0.051] sec.
[13:50:18.529][info] [#0:script/workspace/workspace.lua:284]: Scan files at:	file:///home/gabriel-delabenetta/.config/nvim/init.lua
[13:50:18.530][info] [#0:script/workspace/loading.lua:160]: Load files from disk:	file:///home/gabriel-delabenetta/.config/nvim/init.lua
[13:50:18.530][info] [#0:script/workspace/loading.lua:88]: Skip loaded file: file:///home/gabriel-delabenetta/.config/nvim/init.lua
[13:50:18.530][info] [#0:script/workspace/loading.lua:172]: Loaded files takes [0.000] sec: file:///home/gabriel-delabenetta/.config/nvim/init.lua
[13:50:18.530][info] [#0:script/workspace/loading.lua:181]: Compile files takes [0.000] sec: file:///home/gabriel-delabenetta/.config/nvim/init.lua
[13:50:18.530][info] [#0:script/workspace/loading.lua:182]: Loaded finish:	file:///home/gabriel-delabenetta/.config/nvim/init.lua
[13:50:22.530][info] [#0:script/provider/diagnostic.lua:560]: Diagnostics scope [file:///home/gabriel-delabenetta/.config/nvim], files count:[20]
[13:50:22.635][info] [#0:script/provider/diagnostic.lua:577]: Diagnostics scope [file:///home/gabriel-delabenetta/.config/nvim] finished, takes [0.050] sec.
[13:50:28.426][info] [#0:script/provider/diagnostic.lua:171]: clearDiagnostics	file:///home/gabriel-delabenetta/.config/nvim/init.lua
[13:50:30.611][info] [#0:script/workspace/workspace.lua:284]: Scan files at:	file:///home/gabriel-delabenetta/.config/nvim/init.lua
[13:50:30.611][info] [#0:script/workspace/loading.lua:160]: Load files from disk:	file:///home/gabriel-delabenetta/.config/nvim/init.lua
[13:50:30.611][info] [#0:script/workspace/loading.lua:88]: Skip loaded file: file:///home/gabriel-delabenetta/.config/nvim/init.lua
[13:50:30.612][info] [#0:script/workspace/loading.lua:172]: Loaded files takes [0.000] sec: file:///home/gabriel-delabenetta/.config/nvim/init.lua
[13:50:30.612][info] [#0:script/workspace/loading.lua:181]: Compile files takes [0.000] sec: file:///home/gabriel-delabenetta/.config/nvim/init.lua
[13:50:30.612][info] [#0:script/workspace/loading.lua:182]: Loaded finish:	file:///home/gabriel-delabenetta/.config/nvim/init.lua
[13:50:32.936][info] [#0:script/provider/diagnostic.lua:560]: Diagnostics scope [file:///home/gabriel-delabenetta/.config/nvim], files count:[20]
[13:50:33.130][info] [#0:script/provider/diagnostic.lua:577]: Diagnostics scope [file:///home/gabriel-delabenetta/.config/nvim] finished, takes [0.078] sec.
[13:51:02.327][info] [#0:script/provider/diagnostic.lua:171]: clearDiagnostics	file:///home/gabriel-delabenetta/.config/nvim/init.lua
[13:51:05.413][info] [#0:script/provider/diagnostic.lua:171]: clearDiagnostics	file:///home/gabriel-delabenetta/.config/nvim/init.lua
[13:51:20.248][info] [#0:script/service/service.lua:145]: 
========= Medical Examination Report =========
    --------------- Memory ---------------
        Total: 9.356 MB
        # 00 : 9.020 MB
        # 01 : 0.053 MB
        # 02 : 0.053 MB
        # 03 : 0.108 MB
        # 04 : 0.122 MB
    --------------- Coroutine ---------------
        Total:     28
        Running:   0
        Suspended: 0
        Normal:    0
        Dead:      28
    --------------- Cache ---------------
        Total: 7
        Dead:  6
    ---------------  RPC  ---------------
        Holdon:   0
        Waiting:  0
==============================================
[13:51:24.551][info] [#0:script/workspace/workspace.lua:284]: Scan files at:	file:///home/gabriel-delabenetta/.config/nvim/init.lua
[13:51:24.551][info] [#0:script/workspace/loading.lua:160]: Load files from disk:	file:///home/gabriel-delabenetta/.config/nvim/init.lua
[13:51:24.551][info] [#0:script/workspace/loading.lua:88]: Skip loaded file: file:///home/gabriel-delabenetta/.config/nvim/init.lua
[13:51:24.551][info] [#0:script/workspace/loading.lua:172]: Loaded files takes [0.000] sec: file:///home/gabriel-delabenetta/.config/nvim/init.lua
[13:51:24.551][info] [#0:script/workspace/loading.lua:181]: Compile files takes [0.000] sec: file:///home/gabriel-delabenetta/.config/nvim/init.lua
[13:51:24.551][info] [#0:script/workspace/loading.lua:182]: Loaded finish:	file:///home/gabriel-delabenetta/.config/nvim/init.lua
[13:51:27.147][info] [#0:script/provider/diagnostic.lua:560]: Diagnostics scope [file:///home/gabriel-delabenetta/.config/nvim], files count:[20]
[13:51:27.261][info] [#0:script/provider/diagnostic.lua:577]: Diagnostics scope [file:///home/gabriel-delabenetta/.config/nvim] finished, takes [0.060] sec.
[13:51:43.556][info] [#0:script/workspace/workspace.lua:284]: Scan files at:	file:///home/gabriel-delabenetta/.config/nvim/init.lua
[13:51:43.556][info] [#0:script/workspace/loading.lua:160]: Load files from disk:	file:///home/gabriel-delabenetta/.config/nvim/init.lua
[13:51:43.556][info] [#0:script/workspace/loading.lua:88]: Skip loaded file: file:///home/gabriel-delabenetta/.config/nvim/init.lua
[13:51:43.556][info] [#0:script/workspace/loading.lua:172]: Loaded files takes [0.000] sec: file:///home/gabriel-delabenetta/.config/nvim/init.lua
[13:51:43.556][info] [#0:script/workspace/loading.lua:181]: Compile files takes [0.000] sec: file:///home/gabriel-delabenetta/.config/nvim/init.lua
[13:51:43.556][info] [#0:script/workspace/loading.lua:182]: Loaded finish:	file:///home/gabriel-delabenetta/.config/nvim/init.lua
[13:51:45.897][info] [#0:script/provider/diagnostic.lua:560]: Diagnostics scope [file:///home/gabriel-delabenetta/.config/nvim], files count:[20]
[13:51:46.018][info] [#0:script/provider/diagnostic.lua:577]: Diagnostics scope [file:///home/gabriel-delabenetta/.config/nvim] finished, takes [0.059] sec.
[13:51:47.556][info] [#0:script/workspace/workspace.lua:284]: Scan files at:	file:///home/gabriel-delabenetta/.config/nvim/lua/config/options.lua
[13:51:47.556][info] [#0:script/workspace/loading.lua:160]: Load files from disk:	file:///home/gabriel-delabenetta/.config/nvim/lua/config/options.lua
[13:51:47.556][info] [#0:script/workspace/loading.lua:88]: Skip loaded file: file:///home/gabriel-delabenetta/.config/nvim/lua/config/options.lua
[13:51:47.556][info] [#0:script/workspace/loading.lua:172]: Loaded files takes [0.000] sec: file:///home/gabriel-delabenetta/.config/nvim/lua/config/options.lua
[13:51:47.556][info] [#0:script/workspace/loading.lua:181]: Compile files takes [0.000] sec: file:///home/gabriel-delabenetta/.config/nvim/lua/config/options.lua
[13:51:47.556][info] [#0:script/workspace/loading.lua:182]: Loaded finish:	file:///home/gabriel-delabenetta/.config/nvim/lua/config/options.lua
[13:51:48.722][warn] [#0:script/pub/report.lua:24]: Load proto error:	Disconnected!
